1659376495843	geckodriver	INFO	Listening on 127.0.0.1:64227
1659376498935	mozrunner::runner	INFO	Running command: "C:\\Program Files\\Mozilla Firefox\\firefox.exe" "--marionette" "--remote-debugging-port" "64228" "--remote-allow-hosts" "localhost" "-no-remote" "-profile" "C:\\Users\\thoma\\AppData\\Local\\Temp\\rust_mozprofileExf9S1"
1659376499231	Marionette	INFO	Marionette enabled
1659376499235	Marionette	INFO	Listening on port 64245
WebDriver BiDi listening on ws://localhost:64228
Read port: 64245
1659376499356	RemoteAgent	WARN	TLS certificate errors will be ignored for this session
console.warn: SearchSettings: "get: No settings file exists, new profile?" (new NotFoundError("Could not open the file at C:\\Users\\thoma\\AppData\\Local\\Temp\\rust_mozprofileExf9S1\\search.json.mozlz4", (void 0)))
DevTools listening on ws://localhost:64228/devtools/browser/f131ee5f-d146-4da8-9da1-3e67d2936545
JavaScript error: https://www.nba.com/stats/search/player-game/?CF=PTS*gt*40#%3Fsort=GAME_DATE&dir=-1&SeasonType=Regular%20Season&DateFrom=04%2F01%2F2017&DateTo=04%2F12%2F2017 line 1 > injectedScript, line 2: ReferenceError: s_nbasites is not defined
JavaScript warning: https://pagead2.googlesyndication.com/bg/4JAIKwid8f35vx5JMDPHWQJTURDOey7UpTPwaznZUPM.js line 2 > eval line 2439 > eval line 1 > eval line 1 > eval, line 1: WEBGL_debug_renderer_info is deprecated in Firefox and will be removed. Please use RENDERER.
JavaScript warning: https://pagead2.googlesyndication.com/bg/4JAIKwid8f35vx5JMDPHWQJTURDOey7UpTPwaznZUPM.js line 2 > eval line 6472 > eval line 1 > eval line 1 > eval, line 1: WEBGL_debug_renderer_info is deprecated in Firefox and will be removed. Please use RENDERER.
JavaScript warning: https://pagead2.googlesyndication.com/bg/4JAIKwid8f35vx5JMDPHWQJTURDOey7UpTPwaznZUPM.js line 2 > eval line 4496 > eval line 1 > eval line 1 > eval, line 1: WEBGL_debug_renderer_info is deprecated in Firefox and will be removed. Please use RENDERER.
JavaScript warning: https://pagead2.googlesyndication.com/bg/4JAIKwid8f35vx5JMDPHWQJTURDOey7UpTPwaznZUPM.js line 2 > eval line 1342 > eval line 1 > eval line 1 > eval, line 1: WEBGL_debug_renderer_info is deprecated in Firefox and will be removed. Please use RENDERER.
1659376519716	Marionette	INFO	Stopped listening on port 64245
1659376554916	geckodriver	INFO	Listening on 127.0.0.1:64493
1659376557987	mozrunner::runner	INFO	Running command: "C:\\Program Files\\Mozilla Firefox\\firefox.exe" "--marionette" "--remote-debugging-port" "64494" "--remote-allow-hosts" "localhost" "-no-remote" "-profile" "C:\\Users\\thoma\\AppData\\Local\\Temp\\rust_mozprofileTujE3q"
1659376558286	Marionette	INFO	Marionette enabled
1659376558291	Marionette	INFO	Listening on port 64504
WebDriver BiDi listening on ws://localhost:64494
Read port: 64504
1659376558419	RemoteAgent	WARN	TLS certificate errors will be ignored for this session
console.warn: SearchSettings: "get: No settings file exists, new profile?" (new NotFoundError("Could not open the file at C:\\Users\\thoma\\AppData\\Local\\Temp\\rust_mozprofileTujE3q\\search.json.mozlz4", (void 0)))
DevTools listening on ws://localhost:64494/devtools/browser/461c1bc4-6144-4d0c-83ee-21c5a35ef2d3
JavaScript warning: https://pagead2.googlesyndication.com/bg/4JAIKwid8f35vx5JMDPHWQJTURDOey7UpTPwaznZUPM.js line 2 > eval line 6387 > eval line 1 > eval line 1 > eval, line 1: WEBGL_debug_renderer_info is deprecated in Firefox and will be removed. Please use RENDERER.
JavaScript warning: https://pagead2.googlesyndication.com/bg/4JAIKwid8f35vx5JMDPHWQJTURDOey7UpTPwaznZUPM.js line 2 > eval line 6248 > eval line 1 > eval line 1 > eval, line 1: WEBGL_debug_renderer_info is deprecated in Firefox and will be removed. Please use RENDERER.
JavaScript warning: https://pagead2.googlesyndication.com/bg/4JAIKwid8f35vx5JMDPHWQJTURDOey7UpTPwaznZUPM.js line 2 > eval line 7125 > eval line 1 > eval line 1 > eval, line 1: WEBGL_debug_renderer_info is deprecated in Firefox and will be removed. Please use RENDERER.
JavaScript warning: https://pagead2.googlesyndication.com/bg/4JAIKwid8f35vx5JMDPHWQJTURDOey7UpTPwaznZUPM.js line 2 > eval line 402 > eval line 1 > eval line 1 > eval, line 1: WEBGL_debug_renderer_info is deprecated in Firefox and will be removed. Please use RENDERER.
1659376588061	Marionette	INFO	Stopped listening on port 64504
console.warn: TopSitesFeed: Failed to fetch data from Contile server: NetworkError when attempting to fetch resource.
